2016/12/15 13:22:01 INFO  - jmeter.util.JMeterUtils: Setting Locale to en_US 
2016/12/15 13:22:01 INFO  - jmeter.JMeter: Loading user properties from: /opt/apache/jmeter/bin/user.properties 
2016/12/15 13:22:01 INFO  - jmeter.JMeter: Loading system properties from: /opt/apache/jmeter/bin/system.properties 
2016/12/15 13:22:01 INFO  - jmeter.JMeter: Copyright (c) 1998-2016 The Apache Software Foundation 
2016/12/15 13:22:01 INFO  - jmeter.JMeter: Version 3.1 r1770033 
2016/12/15 13:22:01 INFO  - jmeter.JMeter: java.version=1.8.0_111 
2016/12/15 13:22:01 INFO  - jmeter.JMeter: java.vm.name=OpenJDK 64-Bit Server VM 
2016/12/15 13:22:01 INFO  - jmeter.JMeter: os.name=Linux 
2016/12/15 13:22:01 INFO  - jmeter.JMeter: os.arch=amd64 
2016/12/15 13:22:01 INFO  - jmeter.JMeter: os.version=4.4.0-51-generic 
2016/12/15 13:22:01 INFO  - jmeter.JMeter: file.encoding=UTF-8 
2016/12/15 13:22:01 INFO  - jmeter.JMeter: Max memory     =514850816 
2016/12/15 13:22:01 INFO  - jmeter.JMeter: Available Processors =8 
2016/12/15 13:22:01 INFO  - jmeter.JMeter: Default Locale=English (United States) 
2016/12/15 13:22:01 INFO  - jmeter.JMeter: JMeter  Locale=English (United States) 
2016/12/15 13:22:01 INFO  - jmeter.JMeter: JMeterHome=/opt/apache/jmeter 
2016/12/15 13:22:01 INFO  - jmeter.JMeter: user.dir  =/home/shmagrinskiy/IdeaProjects/docker-constraints-researsh 
2016/12/15 13:22:01 INFO  - jmeter.JMeter: PWD       =/home/shmagrinskiy/IdeaProjects/docker-constraints-researsh 
2016/12/15 13:22:01 INFO  - jmeter.JMeter: IP: 127.0.1.1 Name: shmagrinskiy-pc FullName: shmagrinskiy-pc 
2016/12/15 13:22:03 INFO  - jmeter.gui.action.LookAndFeelCommand: Using look and feel: javax.swing.plaf.metal.MetalLookAndFeel [Metal, CrossPlatform] 
2016/12/15 13:22:03 INFO  - jmeter.JMeter: Loaded icon properties from org/apache/jmeter/images/icon.properties 
2016/12/15 13:22:09 WARN  - jorphan.reflect.ClassFinder: Can not open the jar /opt/apache/jmeter/lib/ext/time-window-backend-listener.jar error in opening zip file java.util.zip.ZipException: error in opening zip file
	at java.util.zip.ZipFile.open(Native Method)
	at java.util.zip.ZipFile.<init>(ZipFile.java:219)
	at java.util.zip.ZipFile.<init>(ZipFile.java:149)
	at java.util.zip.ZipFile.<init>(ZipFile.java:163)
	at org.apache.jorphan.reflect.ClassFinder.findClassesInOnePath(ClassFinder.java:435)
	at org.apache.jorphan.reflect.ClassFinder.findClasses(ClassFinder.java:289)
	at org.apache.jorphan.reflect.ClassFinder.findClassesThatExtend(ClassFinder.java:264)
	at org.apache.jmeter.gui.action.ActionRouter.populateCommandMap(ActionRouter.java:310)
	at org.apache.jmeter.JMeter.startGui(JMeter.java:327)
	at org.apache.jmeter.JMeter.start(JMeter.java:483)
	at sun.reflect.NativeMethodAccessorImpl.invoke0(Native Method)
	at sun.reflect.NativeMethodAccessorImpl.invoke(NativeMethodAccessorImpl.java:62)
	at sun.reflect.DelegatingMethodAccessorImpl.invoke(DelegatingMethodAccessorImpl.java:43)
	at java.lang.reflect.Method.invoke(Method.java:498)
	at org.apache.jmeter.NewDriver.main(NewDriver.java:259)

2016/12/15 13:22:09 INFO  - jmeter.engine.util.CompoundVariable: Note: Function class names must contain the string: '.functions.' 
2016/12/15 13:22:09 INFO  - jmeter.engine.util.CompoundVariable: Note: Function class names must not contain the string: '.gui.' 
2016/12/15 13:22:09 WARN  - jorphan.reflect.ClassFinder: Can not open the jar /opt/apache/jmeter/lib/ext/time-window-backend-listener.jar error in opening zip file java.util.zip.ZipException: error in opening zip file
	at java.util.zip.ZipFile.open(Native Method)
	at java.util.zip.ZipFile.<init>(ZipFile.java:219)
	at java.util.zip.ZipFile.<init>(ZipFile.java:149)
	at java.util.zip.ZipFile.<init>(ZipFile.java:163)
	at org.apache.jorphan.reflect.ClassFinder.findClassesInOnePath(ClassFinder.java:435)
	at org.apache.jorphan.reflect.ClassFinder.findClasses(ClassFinder.java:289)
	at org.apache.jorphan.reflect.ClassFinder.findClassesThatExtend(ClassFinder.java:264)
	at org.apache.jorphan.reflect.ClassFinder.findClassesThatExtend(ClassFinder.java:196)
	at org.apache.jmeter.engine.util.CompoundVariable.<clinit>(CompoundVariable.java:71)
	at org.apache.jmeter.functions.gui.FunctionHelper.initializeFunctionList(FunctionHelper.java:117)
	at org.apache.jmeter.functions.gui.FunctionHelper.init(FunctionHelper.java:95)
	at org.apache.jmeter.functions.gui.FunctionHelper.<init>(FunctionHelper.java:68)
	at org.apache.jmeter.gui.action.CreateFunctionDialog.<init>(CreateFunctionDialog.java:37)
	at sun.reflect.NativeConstructorAccessorImpl.newInstance0(Native Method)
	at sun.reflect.NativeConstructorAccessorImpl.newInstance(NativeConstructorAccessorImpl.java:62)
	at sun.reflect.DelegatingConstructorAccessorImpl.newInstance(DelegatingConstructorAccessorImpl.java:45)
	at java.lang.reflect.Constructor.newInstance(Constructor.java:423)
	at java.lang.Class.newInstance(Class.java:442)
	at org.apache.jmeter.gui.action.ActionRouter.populateCommandMap(ActionRouter.java:325)
	at org.apache.jmeter.JMeter.startGui(JMeter.java:327)
	at org.apache.jmeter.JMeter.start(JMeter.java:483)
	at sun.reflect.NativeMethodAccessorImpl.invoke0(Native Method)
	at sun.reflect.NativeMethodAccessorImpl.invoke(NativeMethodAccessorImpl.java:62)
	at sun.reflect.DelegatingMethodAccessorImpl.invoke(DelegatingMethodAccessorImpl.java:43)
	at java.lang.reflect.Method.invoke(Method.java:498)
	at org.apache.jmeter.NewDriver.main(NewDriver.java:259)

2016/12/15 13:22:11 WARN  - jorphan.reflect.ClassFinder: Can not open the jar /opt/apache/jmeter/lib/ext/time-window-backend-listener.jar error in opening zip file java.util.zip.ZipException: error in opening zip file
	at java.util.zip.ZipFile.open(Native Method)
	at java.util.zip.ZipFile.<init>(ZipFile.java:219)
	at java.util.zip.ZipFile.<init>(ZipFile.java:149)
	at java.util.zip.ZipFile.<init>(ZipFile.java:163)
	at org.apache.jorphan.reflect.ClassFinder.findClassesInOnePath(ClassFinder.java:435)
	at org.apache.jorphan.reflect.ClassFinder.findClasses(ClassFinder.java:289)
	at org.apache.jorphan.reflect.ClassFinder.findClassesThatExtend(ClassFinder.java:264)
	at org.apache.jorphan.reflect.ClassFinder.findClassesThatExtend(ClassFinder.java:196)
	at org.apache.jorphan.reflect.ClassFinder.findClassesThatExtend(ClassFinder.java:178)
	at org.apache.jorphan.reflect.ClassFinder.findClassesThatExtend(ClassFinder.java:139)
	at org.apache.jmeter.gui.util.JMeterMenuBar.createMenuBar(JMeterMenuBar.java:241)
	at org.apache.jmeter.gui.util.JMeterMenuBar.<init>(JMeterMenuBar.java:161)
	at org.apache.jmeter.gui.MainFrame.init(MainFrame.java:493)
	at org.apache.jmeter.gui.MainFrame.<init>(MainFrame.java:241)
	at org.apache.jmeter.JMeter.startGui(JMeter.java:330)
	at org.apache.jmeter.JMeter.start(JMeter.java:483)
	at sun.reflect.NativeMethodAccessorImpl.invoke0(Native Method)
	at sun.reflect.NativeMethodAccessorImpl.invoke(NativeMethodAccessorImpl.java:62)
	at sun.reflect.DelegatingMethodAccessorImpl.invoke(DelegatingMethodAccessorImpl.java:43)
	at java.lang.reflect.Method.invoke(Method.java:498)
	at org.apache.jmeter.NewDriver.main(NewDriver.java:259)

2016/12/15 13:22:14 WARN  - jorphan.reflect.ClassFinder: Can not open the jar /opt/apache/jmeter/lib/ext/time-window-backend-listener.jar error in opening zip file java.util.zip.ZipException: error in opening zip file
	at java.util.zip.ZipFile.open(Native Method)
	at java.util.zip.ZipFile.<init>(ZipFile.java:219)
	at java.util.zip.ZipFile.<init>(ZipFile.java:149)
	at java.util.zip.ZipFile.<init>(ZipFile.java:163)
	at org.apache.jorphan.reflect.ClassFinder.findClassesInOnePath(ClassFinder.java:435)
	at org.apache.jorphan.reflect.ClassFinder.findClasses(ClassFinder.java:289)
	at org.apache.jorphan.reflect.ClassFinder.findClassesThatExtend(ClassFinder.java:264)
	at org.apache.jorphan.reflect.ClassFinder.findClassesThatExtend(ClassFinder.java:196)
	at org.apache.jorphan.reflect.ClassFinder.findClassesThatExtend(ClassFinder.java:178)
	at org.apache.jorphan.reflect.ClassFinder.findClassesThatExtend(ClassFinder.java:139)
	at org.apache.jmeter.gui.util.MenuFactory.initializeMenus(MenuFactory.java:461)
	at org.apache.jmeter.gui.util.MenuFactory.<clinit>(MenuFactory.java:160)
	at org.apache.jmeter.control.gui.TestPlanGui.createPopupMenu(TestPlanGui.java:93)
	at org.apache.jmeter.gui.tree.JMeterTreeNode.createPopupMenu(JMeterTreeNode.java:156)
	at org.apache.jmeter.gui.action.EditCommand.doAction(EditCommand.java:47)
	at org.apache.jmeter.gui.action.ActionRouter.performAction(ActionRouter.java:80)
	at org.apache.jmeter.gui.action.ActionRouter.access$000(ActionRouter.java:40)
	at org.apache.jmeter.gui.action.ActionRouter$1.run(ActionRouter.java:62)
	at java.awt.event.InvocationEvent.dispatch(InvocationEvent.java:311)
	at java.awt.EventQueue.dispatchEventImpl(EventQueue.java:756)
	at java.awt.EventQueue.access$500(EventQueue.java:97)
	at java.awt.EventQueue$3.run(EventQueue.java:709)
	at java.awt.EventQueue$3.run(EventQueue.java:703)
	at java.security.AccessController.doPrivileged(Native Method)
	at java.security.ProtectionDomain$JavaSecurityAccessImpl.doIntersectionPrivilege(ProtectionDomain.java:76)
	at java.awt.EventQueue.dispatchEvent(EventQueue.java:726)
	at java.awt.EventDispatchThread.pumpOneEventForFilters(EventDispatchThread.java:201)
	at java.awt.EventDispatchThread.pumpEventsForFilter(EventDispatchThread.java:116)
	at java.awt.EventDispatchThread.pumpEventsForHierarchy(EventDispatchThread.java:105)
	at java.awt.EventDispatchThread.pumpEvents(EventDispatchThread.java:101)
	at java.awt.EventDispatchThread.pumpEvents(EventDispatchThread.java:93)
	at java.awt.EventDispatchThread.run(EventDispatchThread.java:82)

2016/12/15 13:22:14 INFO  - jmeter.gui.util.MenuFactory: Skipping org.apache.jmeter.assertions.BSFAssertion 
2016/12/15 13:22:18 INFO  - jmeter.gui.util.MenuFactory: Skipping org.apache.jmeter.extractor.BSFPostProcessor 
2016/12/15 13:22:18 INFO  - jmeter.gui.util.MenuFactory: Skipping org.apache.jmeter.modifiers.BSFPreProcessor 
2016/12/15 13:22:18 INFO  - jmeter.protocol.http.sampler.HTTPSamplerBase: Parser for text/html is org.apache.jmeter.protocol.http.parser.LagartoBasedHtmlParser 
2016/12/15 13:22:18 INFO  - jmeter.protocol.http.sampler.HTTPSamplerBase: Parser for application/xhtml+xml is org.apache.jmeter.protocol.http.parser.LagartoBasedHtmlParser 
2016/12/15 13:22:18 INFO  - jmeter.protocol.http.sampler.HTTPSamplerBase: Parser for application/xml is org.apache.jmeter.protocol.http.parser.LagartoBasedHtmlParser 
2016/12/15 13:22:18 INFO  - jmeter.protocol.http.sampler.HTTPSamplerBase: Parser for text/xml is org.apache.jmeter.protocol.http.parser.LagartoBasedHtmlParser 
2016/12/15 13:22:18 INFO  - jmeter.protocol.http.sampler.HTTPSamplerBase: Parser for text/vnd.wap.wml is org.apache.jmeter.protocol.http.parser.RegexpHTMLParser 
2016/12/15 13:22:18 INFO  - jmeter.protocol.http.sampler.HTTPSamplerBase: Parser for text/css is org.apache.jmeter.protocol.http.parser.CssParser 
2016/12/15 13:22:19 WARN  - jorphan.reflect.ClassFinder: Can not open the jar /opt/apache/jmeter/lib/ext/time-window-backend-listener.jar error in opening zip file java.util.zip.ZipException: error in opening zip file
	at java.util.zip.ZipFile.open(Native Method)
	at java.util.zip.ZipFile.<init>(ZipFile.java:219)
	at java.util.zip.ZipFile.<init>(ZipFile.java:149)
	at java.util.zip.ZipFile.<init>(ZipFile.java:163)
	at org.apache.jorphan.reflect.ClassFinder.findClassesInOnePath(ClassFinder.java:435)
	at org.apache.jorphan.reflect.ClassFinder.findClasses(ClassFinder.java:289)
	at org.apache.jorphan.reflect.ClassFinder.findClassesThatExtend(ClassFinder.java:264)
	at org.apache.jorphan.reflect.ClassFinder.findClassesThatExtend(ClassFinder.java:196)
	at org.apache.jorphan.reflect.ClassFinder.findClassesThatExtend(ClassFinder.java:178)
	at org.apache.jmeter.util.JMeterUtils.findClassesThatExtend(JMeterUtils.java:308)
	at org.apache.jmeter.protocol.http.gui.CookiePanel.createComboHandler(CookiePanel.java:421)
	at org.apache.jmeter.protocol.http.gui.CookiePanel.init(CookiePanel.java:354)
	at org.apache.jmeter.protocol.http.gui.CookiePanel.<init>(CookiePanel.java:136)
	at sun.reflect.NativeConstructorAccessorImpl.newInstance0(Native Method)
	at sun.reflect.NativeConstructorAccessorImpl.newInstance(NativeConstructorAccessorImpl.java:62)
	at sun.reflect.DelegatingConstructorAccessorImpl.newInstance(DelegatingConstructorAccessorImpl.java:45)
	at java.lang.reflect.Constructor.newInstance(Constructor.java:423)
	at java.lang.Class.newInstance(Class.java:442)
	at org.apache.jmeter.gui.util.MenuFactory.initializeMenus(MenuFactory.java:492)
	at org.apache.jmeter.gui.util.MenuFactory.<clinit>(MenuFactory.java:160)
	at org.apache.jmeter.control.gui.TestPlanGui.createPopupMenu(TestPlanGui.java:93)
	at org.apache.jmeter.gui.tree.JMeterTreeNode.createPopupMenu(JMeterTreeNode.java:156)
	at org.apache.jmeter.gui.action.EditCommand.doAction(EditCommand.java:47)
	at org.apache.jmeter.gui.action.ActionRouter.performAction(ActionRouter.java:80)
	at org.apache.jmeter.gui.action.ActionRouter.access$000(ActionRouter.java:40)
	at org.apache.jmeter.gui.action.ActionRouter$1.run(ActionRouter.java:62)
	at java.awt.event.InvocationEvent.dispatch(InvocationEvent.java:311)
	at java.awt.EventQueue.dispatchEventImpl(EventQueue.java:756)
	at java.awt.EventQueue.access$500(EventQueue.java:97)
	at java.awt.EventQueue$3.run(EventQueue.java:709)
	at java.awt.EventQueue$3.run(EventQueue.java:703)
	at java.security.AccessController.doPrivileged(Native Method)
	at java.security.ProtectionDomain$JavaSecurityAccessImpl.doIntersectionPrivilege(ProtectionDomain.java:76)
	at java.awt.EventQueue.dispatchEvent(EventQueue.java:726)
	at java.awt.EventDispatchThread.pumpOneEventForFilters(EventDispatchThread.java:201)
	at java.awt.EventDispatchThread.pumpEventsForFilter(EventDispatchThread.java:116)
	at java.awt.EventDispatchThread.pumpEventsForHierarchy(EventDispatchThread.java:105)
	at java.awt.EventDispatchThread.pumpEvents(EventDispatchThread.java:101)
	at java.awt.EventDispatchThread.pumpEvents(EventDispatchThread.java:93)
	at java.awt.EventDispatchThread.run(EventDispatchThread.java:82)

2016/12/15 13:22:20 INFO  - jorphan.exec.KeyToolUtils: keytool found at 'keytool' 
2016/12/15 13:22:20 INFO  - jmeter.protocol.http.proxy.ProxyControl: HTTP(S) Test Script Recorder SSL Proxy will use keys that support embedded 3rd party resources in file /opt/apache/jmeter/bin/proxyserver.jks 
2016/12/15 13:22:20 WARN  - jorphan.reflect.ClassFinder: Can not open the jar /opt/apache/jmeter/lib/ext/time-window-backend-listener.jar error in opening zip file java.util.zip.ZipException: error in opening zip file
	at java.util.zip.ZipFile.open(Native Method)
	at java.util.zip.ZipFile.<init>(ZipFile.java:219)
	at java.util.zip.ZipFile.<init>(ZipFile.java:149)
	at java.util.zip.ZipFile.<init>(ZipFile.java:163)
	at org.apache.jorphan.reflect.ClassFinder.findClassesInOnePath(ClassFinder.java:435)
	at org.apache.jorphan.reflect.ClassFinder.findClasses(ClassFinder.java:289)
	at org.apache.jorphan.reflect.ClassFinder.findClassesThatExtend(ClassFinder.java:264)
	at org.apache.jorphan.reflect.ClassFinder.findClassesThatExtend(ClassFinder.java:196)
	at org.apache.jorphan.reflect.ClassFinder.findClassesThatExtend(ClassFinder.java:178)
	at org.apache.jorphan.reflect.ClassFinder.findClassesThatExtend(ClassFinder.java:139)
	at org.apache.jmeter.protocol.http.sampler.AccessLogSamplerBeanInfo.<init>(AccessLogSamplerBeanInfo.java:61)
	at sun.reflect.NativeConstructorAccessorImpl.newInstance0(Native Method)
	at sun.reflect.NativeConstructorAccessorImpl.newInstance(NativeConstructorAccessorImpl.java:62)
	at sun.reflect.DelegatingConstructorAccessorImpl.newInstance(DelegatingConstructorAccessorImpl.java:45)
	at java.lang.reflect.Constructor.newInstance(Constructor.java:423)
	at java.lang.Class.newInstance(Class.java:442)
	at com.sun.beans.finder.InstanceFinder.instantiate(InstanceFinder.java:96)
	at com.sun.beans.finder.InstanceFinder.find(InstanceFinder.java:66)
	at java.beans.Introspector.findExplicitBeanInfo(Introspector.java:448)
	at java.beans.Introspector.<init>(Introspector.java:398)
	at java.beans.Introspector.getBeanInfo(Introspector.java:173)
	at org.apache.jmeter.testbeans.gui.TestBeanGUI.<init>(TestBeanGUI.java:168)
	at org.apache.jmeter.gui.util.MenuFactory.initializeMenus(MenuFactory.java:488)
	at org.apache.jmeter.gui.util.MenuFactory.<clinit>(MenuFactory.java:160)
	at org.apache.jmeter.control.gui.TestPlanGui.createPopupMenu(TestPlanGui.java:93)
	at org.apache.jmeter.gui.tree.JMeterTreeNode.createPopupMenu(JMeterTreeNode.java:156)
	at org.apache.jmeter.gui.action.EditCommand.doAction(EditCommand.java:47)
	at org.apache.jmeter.gui.action.ActionRouter.performAction(ActionRouter.java:80)
	at org.apache.jmeter.gui.action.ActionRouter.access$000(ActionRouter.java:40)
	at org.apache.jmeter.gui.action.ActionRouter$1.run(ActionRouter.java:62)
	at java.awt.event.InvocationEvent.dispatch(InvocationEvent.java:311)
	at java.awt.EventQueue.dispatchEventImpl(EventQueue.java:756)
	at java.awt.EventQueue.access$500(EventQueue.java:97)
	at java.awt.EventQueue$3.run(EventQueue.java:709)
	at java.awt.EventQueue$3.run(EventQueue.java:703)
	at java.security.AccessController.doPrivileged(Native Method)
	at java.security.ProtectionDomain$JavaSecurityAccessImpl.doIntersectionPrivilege(ProtectionDomain.java:76)
	at java.awt.EventQueue.dispatchEvent(EventQueue.java:726)
	at java.awt.EventDispatchThread.pumpOneEventForFilters(EventDispatchThread.java:201)
	at java.awt.EventDispatchThread.pumpEventsForFilter(EventDispatchThread.java:116)
	at java.awt.EventDispatchThread.pumpEventsForHierarchy(EventDispatchThread.java:105)
	at java.awt.EventDispatchThread.pumpEvents(EventDispatchThread.java:101)
	at java.awt.EventDispatchThread.pumpEvents(EventDispatchThread.java:93)
	at java.awt.EventDispatchThread.run(EventDispatchThread.java:82)

2016/12/15 13:22:20 WARN  - jorphan.reflect.ClassFinder: Can not open the jar /opt/apache/jmeter/lib/ext/time-window-backend-listener.jar error in opening zip file java.util.zip.ZipException: error in opening zip file
	at java.util.zip.ZipFile.open(Native Method)
	at java.util.zip.ZipFile.<init>(ZipFile.java:219)
	at java.util.zip.ZipFile.<init>(ZipFile.java:149)
	at java.util.zip.ZipFile.<init>(ZipFile.java:163)
	at org.apache.jorphan.reflect.ClassFinder.findClassesInOnePath(ClassFinder.java:435)
	at org.apache.jorphan.reflect.ClassFinder.findClasses(ClassFinder.java:289)
	at org.apache.jorphan.reflect.ClassFinder.findClassesThatExtend(ClassFinder.java:264)
	at org.apache.jorphan.reflect.ClassFinder.findClassesThatExtend(ClassFinder.java:196)
	at org.apache.jorphan.reflect.ClassFinder.findClassesThatExtend(ClassFinder.java:178)
	at org.apache.jmeter.protocol.http.sampler.AccessLogSamplerBeanInfo.<init>(AccessLogSamplerBeanInfo.java:71)
	at sun.reflect.NativeConstructorAccessorImpl.newInstance0(Native Method)
	at sun.reflect.NativeConstructorAccessorImpl.newInstance(NativeConstructorAccessorImpl.java:62)
	at sun.reflect.DelegatingConstructorAccessorImpl.newInstance(DelegatingConstructorAccessorImpl.java:45)
	at java.lang.reflect.Constructor.newInstance(Constructor.java:423)
	at java.lang.Class.newInstance(Class.java:442)
	at com.sun.beans.finder.InstanceFinder.instantiate(InstanceFinder.java:96)
	at com.sun.beans.finder.InstanceFinder.find(InstanceFinder.java:66)
	at java.beans.Introspector.findExplicitBeanInfo(Introspector.java:448)
	at java.beans.Introspector.<init>(Introspector.java:398)
	at java.beans.Introspector.getBeanInfo(Introspector.java:173)
	at org.apache.jmeter.testbeans.gui.TestBeanGUI.<init>(TestBeanGUI.java:168)
	at org.apache.jmeter.gui.util.MenuFactory.initializeMenus(MenuFactory.java:488)
	at org.apache.jmeter.gui.util.MenuFactory.<clinit>(MenuFactory.java:160)
	at org.apache.jmeter.control.gui.TestPlanGui.createPopupMenu(TestPlanGui.java:93)
	at org.apache.jmeter.gui.tree.JMeterTreeNode.createPopupMenu(JMeterTreeNode.java:156)
	at org.apache.jmeter.gui.action.EditCommand.doAction(EditCommand.java:47)
	at org.apache.jmeter.gui.action.ActionRouter.performAction(ActionRouter.java:80)
	at org.apache.jmeter.gui.action.ActionRouter.access$000(ActionRouter.java:40)
	at org.apache.jmeter.gui.action.ActionRouter$1.run(ActionRouter.java:62)
	at java.awt.event.InvocationEvent.dispatch(InvocationEvent.java:311)
	at java.awt.EventQueue.dispatchEventImpl(EventQueue.java:756)
	at java.awt.EventQueue.access$500(EventQueue.java:97)
	at java.awt.EventQueue$3.run(EventQueue.java:709)
	at java.awt.EventQueue$3.run(EventQueue.java:703)
	at java.security.AccessController.doPrivileged(Native Method)
	at java.security.ProtectionDomain$JavaSecurityAccessImpl.doIntersectionPrivilege(ProtectionDomain.java:76)
	at java.awt.EventQueue.dispatchEvent(EventQueue.java:726)
	at java.awt.EventDispatchThread.pumpOneEventForFilters(EventDispatchThread.java:201)
	at java.awt.EventDispatchThread.pumpEventsForFilter(EventDispatchThread.java:116)
	at java.awt.EventDispatchThread.pumpEventsForHierarchy(EventDispatchThread.java:105)
	at java.awt.EventDispatchThread.pumpEvents(EventDispatchThread.java:101)
	at java.awt.EventDispatchThread.pumpEvents(EventDispatchThread.java:93)
	at java.awt.EventDispatchThread.run(EventDispatchThread.java:82)

2016/12/15 13:22:20 WARN  - jorphan.reflect.ClassFinder: Can not open the jar /opt/apache/jmeter/lib/ext/time-window-backend-listener.jar error in opening zip file java.util.zip.ZipException: error in opening zip file
	at java.util.zip.ZipFile.open(Native Method)
	at java.util.zip.ZipFile.<init>(ZipFile.java:219)
	at java.util.zip.ZipFile.<init>(ZipFile.java:149)
	at java.util.zip.ZipFile.<init>(ZipFile.java:163)
	at org.apache.jorphan.reflect.ClassFinder.findClassesInOnePath(ClassFinder.java:435)
	at org.apache.jorphan.reflect.ClassFinder.findClasses(ClassFinder.java:289)
	at org.apache.jorphan.reflect.ClassFinder.findClassesThatExtend(ClassFinder.java:264)
	at org.apache.jorphan.reflect.ClassFinder.findClassesThatExtend(ClassFinder.java:196)
	at org.apache.jorphan.reflect.ClassFinder.findClassesThatExtend(ClassFinder.java:178)
	at org.apache.jorphan.reflect.ClassFinder.findClassesThatExtend(ClassFinder.java:139)
	at org.apache.jmeter.protocol.java.config.gui.JavaConfigGui.createClassnamePanel(JavaConfigGui.java:132)
	at org.apache.jmeter.protocol.java.config.gui.JavaConfigGui.init(JavaConfigGui.java:114)
	at org.apache.jmeter.protocol.java.config.gui.JavaConfigGui.<init>(JavaConfigGui.java:93)
	at org.apache.jmeter.protocol.java.config.gui.JavaConfigGui.<init>(JavaConfigGui.java:79)
	at sun.reflect.NativeConstructorAccessorImpl.newInstance0(Native Method)
	at sun.reflect.NativeConstructorAccessorImpl.newInstance(NativeConstructorAccessorImpl.java:62)
	at sun.reflect.DelegatingConstructorAccessorImpl.newInstance(DelegatingConstructorAccessorImpl.java:45)
	at java.lang.reflect.Constructor.newInstance(Constructor.java:423)
	at java.lang.Class.newInstance(Class.java:442)
	at org.apache.jmeter.gui.util.MenuFactory.initializeMenus(MenuFactory.java:492)
	at org.apache.jmeter.gui.util.MenuFactory.<clinit>(MenuFactory.java:160)
	at org.apache.jmeter.control.gui.TestPlanGui.createPopupMenu(TestPlanGui.java:93)
	at org.apache.jmeter.gui.tree.JMeterTreeNode.createPopupMenu(JMeterTreeNode.java:156)
	at org.apache.jmeter.gui.action.EditCommand.doAction(EditCommand.java:47)
	at org.apache.jmeter.gui.action.ActionRouter.performAction(ActionRouter.java:80)
	at org.apache.jmeter.gui.action.ActionRouter.access$000(ActionRouter.java:40)
	at org.apache.jmeter.gui.action.ActionRouter$1.run(ActionRouter.java:62)
	at java.awt.event.InvocationEvent.dispatch(InvocationEvent.java:311)
	at java.awt.EventQueue.dispatchEventImpl(EventQueue.java:756)
	at java.awt.EventQueue.access$500(EventQueue.java:97)
	at java.awt.EventQueue$3.run(EventQueue.java:709)
	at java.awt.EventQueue$3.run(EventQueue.java:703)
	at java.security.AccessController.doPrivileged(Native Method)
	at java.security.ProtectionDomain$JavaSecurityAccessImpl.doIntersectionPrivilege(ProtectionDomain.java:76)
	at java.awt.EventQueue.dispatchEvent(EventQueue.java:726)
	at java.awt.EventDispatchThread.pumpOneEventForFilters(EventDispatchThread.java:201)
	at java.awt.EventDispatchThread.pumpEventsForFilter(EventDispatchThread.java:116)
	at java.awt.EventDispatchThread.pumpEventsForHierarchy(EventDispatchThread.java:105)
	at java.awt.EventDispatchThread.pumpEvents(EventDispatchThread.java:101)
	at java.awt.EventDispatchThread.pumpEvents(EventDispatchThread.java:93)
	at java.awt.EventDispatchThread.run(EventDispatchThread.java:82)

2016/12/15 13:22:20 WARN  - jorphan.reflect.ClassFinder: Can not open the jar /opt/apache/jmeter/lib/ext/time-window-backend-listener.jar error in opening zip file java.util.zip.ZipException: error in opening zip file
	at java.util.zip.ZipFile.open(Native Method)
	at java.util.zip.ZipFile.<init>(ZipFile.java:219)
	at java.util.zip.ZipFile.<init>(ZipFile.java:149)
	at java.util.zip.ZipFile.<init>(ZipFile.java:163)
	at org.apache.jorphan.reflect.ClassFinder.findClassesInOnePath(ClassFinder.java:435)
	at org.apache.jorphan.reflect.ClassFinder.findClasses(ClassFinder.java:289)
	at org.apache.jorphan.reflect.ClassFinder.findClassesThatExtend(ClassFinder.java:264)
	at org.apache.jorphan.reflect.ClassFinder.findClassesThatExtend(ClassFinder.java:196)
	at org.apache.jorphan.reflect.ClassFinder.findClassesThatExtend(ClassFinder.java:178)
	at org.apache.jorphan.reflect.ClassFinder.findClassesThatExtend(ClassFinder.java:139)
	at org.apache.jmeter.protocol.java.config.gui.JavaConfigGui.createClassnamePanel(JavaConfigGui.java:132)
	at org.apache.jmeter.protocol.java.config.gui.JavaConfigGui.init(JavaConfigGui.java:114)
	at org.apache.jmeter.protocol.java.config.gui.JavaConfigGui.<init>(JavaConfigGui.java:93)
	at org.apache.jmeter.protocol.java.control.gui.JavaTestSamplerGui.init(JavaTestSamplerGui.java:62)
	at org.apache.jmeter.protocol.java.control.gui.JavaTestSamplerGui.<init>(JavaTestSamplerGui.java:45)
	at sun.reflect.NativeConstructorAccessorImpl.newInstance0(Native Method)
	at sun.reflect.NativeConstructorAccessorImpl.newInstance(NativeConstructorAccessorImpl.java:62)
	at sun.reflect.DelegatingConstructorAccessorImpl.newInstance(DelegatingConstructorAccessorImpl.java:45)
	at java.lang.reflect.Constructor.newInstance(Constructor.java:423)
	at java.lang.Class.newInstance(Class.java:442)
	at org.apache.jmeter.gui.util.MenuFactory.initializeMenus(MenuFactory.java:492)
	at org.apache.jmeter.gui.util.MenuFactory.<clinit>(MenuFactory.java:160)
	at org.apache.jmeter.control.gui.TestPlanGui.createPopupMenu(TestPlanGui.java:93)
	at org.apache.jmeter.gui.tree.JMeterTreeNode.createPopupMenu(JMeterTreeNode.java:156)
	at org.apache.jmeter.gui.action.EditCommand.doAction(EditCommand.java:47)
	at org.apache.jmeter.gui.action.ActionRouter.performAction(ActionRouter.java:80)
	at org.apache.jmeter.gui.action.ActionRouter.access$000(ActionRouter.java:40)
	at org.apache.jmeter.gui.action.ActionRouter$1.run(ActionRouter.java:62)
	at java.awt.event.InvocationEvent.dispatch(InvocationEvent.java:311)
	at java.awt.EventQueue.dispatchEventImpl(EventQueue.java:756)
	at java.awt.EventQueue.access$500(EventQueue.java:97)
	at java.awt.EventQueue$3.run(EventQueue.java:709)
	at java.awt.EventQueue$3.run(EventQueue.java:703)
	at java.security.AccessController.doPrivileged(Native Method)
	at java.security.ProtectionDomain$JavaSecurityAccessImpl.doIntersectionPrivilege(ProtectionDomain.java:76)
	at java.awt.EventQueue.dispatchEvent(EventQueue.java:726)
	at java.awt.EventDispatchThread.pumpOneEventForFilters(EventDispatchThread.java:201)
	at java.awt.EventDispatchThread.pumpEventsForFilter(EventDispatchThread.java:116)
	at java.awt.EventDispatchThread.pumpEventsForHierarchy(EventDispatchThread.java:105)
	at java.awt.EventDispatchThread.pumpEvents(EventDispatchThread.java:101)
	at java.awt.EventDispatchThread.pumpEvents(EventDispatchThread.java:93)
	at java.awt.EventDispatchThread.run(EventDispatchThread.java:82)

2016/12/15 13:22:20 INFO  - jmeter.gui.util.MenuFactory: Skipping org.apache.jmeter.protocol.java.sampler.BSFSampler 
2016/12/15 13:22:20 INFO  - jmeter.gui.util.MenuFactory: Skipping org.apache.jmeter.protocol.mongodb.config.MongoSourceElement 
2016/12/15 13:22:20 INFO  - jmeter.gui.util.MenuFactory: Skipping org.apache.jmeter.protocol.mongodb.sampler.MongoScriptSampler 
2016/12/15 13:22:22 INFO  - jmeter.gui.util.MenuFactory: Skipping org.apache.jmeter.timers.BSFTimer 
2016/12/15 13:22:22 INFO  - jmeter.gui.util.MenuFactory: Skipping org.apache.jmeter.visualizers.BSFListener 
2016/12/15 13:22:22 INFO  - jmeter.gui.util.MenuFactory: Skipping org.apache.jmeter.visualizers.MonitorHealthVisualizer 
2016/12/15 13:22:23 INFO  - jmeter.samplers.SampleResult: Note: Sample TimeStamps are START times 
2016/12/15 13:22:23 INFO  - jmeter.samplers.SampleResult: sampleresult.default.encoding is set to ISO-8859-1 
2016/12/15 13:22:23 INFO  - jmeter.samplers.SampleResult: sampleresult.useNanoTime=true 
2016/12/15 13:22:23 INFO  - jmeter.samplers.SampleResult: sampleresult.nanoThreadSleep=5000 
2016/12/15 13:22:23 WARN  - jorphan.reflect.ClassFinder: Can not open the jar /opt/apache/jmeter/lib/ext/time-window-backend-listener.jar error in opening zip file java.util.zip.ZipException: error in opening zip file
	at java.util.zip.ZipFile.open(Native Method)
	at java.util.zip.ZipFile.<init>(ZipFile.java:219)
	at java.util.zip.ZipFile.<init>(ZipFile.java:149)
	at java.util.zip.ZipFile.<init>(ZipFile.java:163)
	at org.apache.jorphan.reflect.ClassFinder.findClassesInOnePath(ClassFinder.java:435)
	at org.apache.jorphan.reflect.ClassFinder.findClasses(ClassFinder.java:289)
	at org.apache.jorphan.reflect.ClassFinder.findClassesThatExtend(ClassFinder.java:264)
	at org.apache.jorphan.reflect.ClassFinder.findClassesThatExtend(ClassFinder.java:196)
	at org.apache.jorphan.reflect.ClassFinder.findClassesThatExtend(ClassFinder.java:178)
	at org.apache.jmeter.util.JMeterUtils.findClassesThatExtend(JMeterUtils.java:308)
	at org.apache.jmeter.visualizers.ViewResultsFullVisualizer.createComboRender(ViewResultsFullVisualizer.java:328)
	at org.apache.jmeter.visualizers.ViewResultsFullVisualizer.createLeftPanel(ViewResultsFullVisualizer.java:306)
	at org.apache.jmeter.visualizers.ViewResultsFullVisualizer.init(ViewResultsFullVisualizer.java:230)
	at org.apache.jmeter.visualizers.ViewResultsFullVisualizer.<init>(ViewResultsFullVisualizer.java:138)
	at sun.reflect.NativeConstructorAccessorImpl.newInstance0(Native Method)
	at sun.reflect.NativeConstructorAccessorImpl.newInstance(NativeConstructorAccessorImpl.java:62)
	at sun.reflect.DelegatingConstructorAccessorImpl.newInstance(DelegatingConstructorAccessorImpl.java:45)
	at java.lang.reflect.Constructor.newInstance(Constructor.java:423)
	at java.lang.Class.newInstance(Class.java:442)
	at org.apache.jmeter.gui.util.MenuFactory.initializeMenus(MenuFactory.java:492)
	at org.apache.jmeter.gui.util.MenuFactory.<clinit>(MenuFactory.java:160)
	at org.apache.jmeter.control.gui.TestPlanGui.createPopupMenu(TestPlanGui.java:93)
	at org.apache.jmeter.gui.tree.JMeterTreeNode.createPopupMenu(JMeterTreeNode.java:156)
	at org.apache.jmeter.gui.action.EditCommand.doAction(EditCommand.java:47)
	at org.apache.jmeter.gui.action.ActionRouter.performAction(ActionRouter.java:80)
	at org.apache.jmeter.gui.action.ActionRouter.access$000(ActionRouter.java:40)
	at org.apache.jmeter.gui.action.ActionRouter$1.run(ActionRouter.java:62)
	at java.awt.event.InvocationEvent.dispatch(InvocationEvent.java:311)
	at java.awt.EventQueue.dispatchEventImpl(EventQueue.java:756)
	at java.awt.EventQueue.access$500(EventQueue.java:97)
	at java.awt.EventQueue$3.run(EventQueue.java:709)
	at java.awt.EventQueue$3.run(EventQueue.java:703)
	at java.security.AccessController.doPrivileged(Native Method)
	at java.security.ProtectionDomain$JavaSecurityAccessImpl.doIntersectionPrivilege(ProtectionDomain.java:76)
	at java.awt.EventQueue.dispatchEvent(EventQueue.java:726)
	at java.awt.EventDispatchThread.pumpOneEventForFilters(EventDispatchThread.java:201)
	at java.awt.EventDispatchThread.pumpEventsForFilter(EventDispatchThread.java:116)
	at java.awt.EventDispatchThread.pumpEventsForHierarchy(EventDispatchThread.java:105)
	at java.awt.EventDispatchThread.pumpEvents(EventDispatchThread.java:101)
	at java.awt.EventDispatchThread.pumpEvents(EventDispatchThread.java:93)
	at java.awt.EventDispatchThread.run(EventDispatchThread.java:82)

2016/12/15 13:22:23 WARN  - jorphan.reflect.ClassFinder: Can not open the jar /opt/apache/jmeter/lib/ext/time-window-backend-listener.jar error in opening zip file java.util.zip.ZipException: error in opening zip file
	at java.util.zip.ZipFile.open(Native Method)
	at java.util.zip.ZipFile.<init>(ZipFile.java:219)
	at java.util.zip.ZipFile.<init>(ZipFile.java:149)
	at java.util.zip.ZipFile.<init>(ZipFile.java:163)
	at org.apache.jorphan.reflect.ClassFinder.findClassesInOnePath(ClassFinder.java:435)
	at org.apache.jorphan.reflect.ClassFinder.findClasses(ClassFinder.java:289)
	at org.apache.jorphan.reflect.ClassFinder.findClassesThatExtend(ClassFinder.java:264)
	at org.apache.jorphan.reflect.ClassFinder.findClassesThatExtend(ClassFinder.java:196)
	at org.apache.jorphan.reflect.ClassFinder.findClassesThatExtend(ClassFinder.java:178)
	at org.apache.jmeter.util.JMeterUtils.findClassesThatExtend(JMeterUtils.java:308)
	at org.apache.jmeter.visualizers.RequestPanel.<init>(RequestPanel.java:57)
	at org.apache.jmeter.visualizers.SamplerResultTab.init(SamplerResultTab.java:214)
	at org.apache.jmeter.visualizers.ViewResultsFullVisualizer.init(ViewResultsFullVisualizer.java:244)
	at org.apache.jmeter.visualizers.ViewResultsFullVisualizer.<init>(ViewResultsFullVisualizer.java:138)
	at sun.reflect.NativeConstructorAccessorImpl.newInstance0(Native Method)
	at sun.reflect.NativeConstructorAccessorImpl.newInstance(NativeConstructorAccessorImpl.java:62)
	at sun.reflect.DelegatingConstructorAccessorImpl.newInstance(DelegatingConstructorAccessorImpl.java:45)
	at java.lang.reflect.Constructor.newInstance(Constructor.java:423)
	at java.lang.Class.newInstance(Class.java:442)
	at org.apache.jmeter.gui.util.MenuFactory.initializeMenus(MenuFactory.java:492)
	at org.apache.jmeter.gui.util.MenuFactory.<clinit>(MenuFactory.java:160)
	at org.apache.jmeter.control.gui.TestPlanGui.createPopupMenu(TestPlanGui.java:93)
	at org.apache.jmeter.gui.tree.JMeterTreeNode.createPopupMenu(JMeterTreeNode.java:156)
	at org.apache.jmeter.gui.action.EditCommand.doAction(EditCommand.java:47)
	at org.apache.jmeter.gui.action.ActionRouter.performAction(ActionRouter.java:80)
	at org.apache.jmeter.gui.action.ActionRouter.access$000(ActionRouter.java:40)
	at org.apache.jmeter.gui.action.ActionRouter$1.run(ActionRouter.java:62)
	at java.awt.event.InvocationEvent.dispatch(InvocationEvent.java:311)
	at java.awt.EventQueue.dispatchEventImpl(EventQueue.java:756)
	at java.awt.EventQueue.access$500(EventQueue.java:97)
	at java.awt.EventQueue$3.run(EventQueue.java:709)
	at java.awt.EventQueue$3.run(EventQueue.java:703)
	at java.security.AccessController.doPrivileged(Native Method)
	at java.security.ProtectionDomain$JavaSecurityAccessImpl.doIntersectionPrivilege(ProtectionDomain.java:76)
	at java.awt.EventQueue.dispatchEvent(EventQueue.java:726)
	at java.awt.EventDispatchThread.pumpOneEventForFilters(EventDispatchThread.java:201)
	at java.awt.EventDispatchThread.pumpEventsForFilter(EventDispatchThread.java:116)
	at java.awt.EventDispatchThread.pumpEventsForHierarchy(EventDispatchThread.java:105)
	at java.awt.EventDispatchThread.pumpEvents(EventDispatchThread.java:101)
	at java.awt.EventDispatchThread.pumpEvents(EventDispatchThread.java:93)
	at java.awt.EventDispatchThread.run(EventDispatchThread.java:82)

2016/12/15 13:22:23 WARN  - jorphan.reflect.ClassFinder: Can not open the jar /opt/apache/jmeter/lib/ext/time-window-backend-listener.jar error in opening zip file java.util.zip.ZipException: error in opening zip file
	at java.util.zip.ZipFile.open(Native Method)
	at java.util.zip.ZipFile.<init>(ZipFile.java:219)
	at java.util.zip.ZipFile.<init>(ZipFile.java:149)
	at java.util.zip.ZipFile.<init>(ZipFile.java:163)
	at org.apache.jorphan.reflect.ClassFinder.findClassesInOnePath(ClassFinder.java:435)
	at org.apache.jorphan.reflect.ClassFinder.findClasses(ClassFinder.java:289)
	at org.apache.jorphan.reflect.ClassFinder.findClassesThatExtend(ClassFinder.java:264)
	at org.apache.jorphan.reflect.ClassFinder.findClassesThatExtend(ClassFinder.java:196)
	at org.apache.jorphan.reflect.ClassFinder.findClassesThatExtend(ClassFinder.java:178)
	at org.apache.jorphan.reflect.ClassFinder.findClassesThatExtend(ClassFinder.java:139)
	at org.apache.jmeter.visualizers.backend.BackendListenerGui.createClassnamePanel(BackendListenerGui.java:118)
	at org.apache.jmeter.visualizers.backend.BackendListenerGui.init(BackendListenerGui.java:100)
	at org.apache.jmeter.visualizers.backend.BackendListenerGui.<init>(BackendListenerGui.java:80)
	at sun.reflect.NativeConstructorAccessorImpl.newInstance0(Native Method)
	at sun.reflect.NativeConstructorAccessorImpl.newInstance(NativeConstructorAccessorImpl.java:62)
	at sun.reflect.DelegatingConstructorAccessorImpl.newInstance(DelegatingConstructorAccessorImpl.java:45)
	at java.lang.reflect.Constructor.newInstance(Constructor.java:423)
	at java.lang.Class.newInstance(Class.java:442)
	at org.apache.jmeter.gui.util.MenuFactory.initializeMenus(MenuFactory.java:492)
	at org.apache.jmeter.gui.util.MenuFactory.<clinit>(MenuFactory.java:160)
	at org.apache.jmeter.control.gui.TestPlanGui.createPopupMenu(TestPlanGui.java:93)
	at org.apache.jmeter.gui.tree.JMeterTreeNode.createPopupMenu(JMeterTreeNode.java:156)
	at org.apache.jmeter.gui.action.EditCommand.doAction(EditCommand.java:47)
	at org.apache.jmeter.gui.action.ActionRouter.performAction(ActionRouter.java:80)
	at org.apache.jmeter.gui.action.ActionRouter.access$000(ActionRouter.java:40)
	at org.apache.jmeter.gui.action.ActionRouter$1.run(ActionRouter.java:62)
	at java.awt.event.InvocationEvent.dispatch(InvocationEvent.java:311)
	at java.awt.EventQueue.dispatchEventImpl(EventQueue.java:756)
	at java.awt.EventQueue.access$500(EventQueue.java:97)
	at java.awt.EventQueue$3.run(EventQueue.java:709)
	at java.awt.EventQueue$3.run(EventQueue.java:703)
	at java.security.AccessController.doPrivileged(Native Method)
	at java.security.ProtectionDomain$JavaSecurityAccessImpl.doIntersectionPrivilege(ProtectionDomain.java:76)
	at java.awt.EventQueue.dispatchEvent(EventQueue.java:726)
	at java.awt.EventDispatchThread.pumpOneEventForFilters(EventDispatchThread.java:201)
	at java.awt.EventDispatchThread.pumpEventsForFilter(EventDispatchThread.java:116)
	at java.awt.EventDispatchThread.pumpEventsForHierarchy(EventDispatchThread.java:105)
	at java.awt.EventDispatchThread.pumpEvents(EventDispatchThread.java:101)
	at java.awt.EventDispatchThread.pumpEvents(EventDispatchThread.java:93)
	at java.awt.EventDispatchThread.run(EventDispatchThread.java:82)

